<?xml version="1.0" encoding="UTF-8"?>
<!DOCTYPE html PUBLIC "-//W3C//DTD XHTML 1.0 Strict//EN" "http://www.w3.org/TR/xhtml1/DTD/xhtml1-strict.dtd">
<html xmlns="http://www.w3.org/1999/xhtml">
<head>
    <title>众荟接口测试</title>
    <meta name="generator" content="HTMLTestRunner 0.10.1"/>
    <meta http-equiv="Content-Type" content="text/html; charset=UTF-8"/>

    <link href="http://cdn.bootcss.com/bootstrap/3.3.0/css/bootstrap.min.css" rel="stylesheet">
    <script src="https://cdn.bootcss.com/echarts/3.8.5/echarts.common.min.js"></script>
    <!-- <script type="text/javascript" src="js/echarts.common.min.js"></script> -->

    
<style type="text/css" media="screen">
    body        { font-family: Microsoft YaHei,Consolas,arial,sans-serif; font-size: 80%; }
    table       { font-size: 100%; }
    pre         { white-space: pre-wrap;word-wrap: break-word; }
    /* -- heading ---------------------------------------------------------------------- */
    h1 {
        font-size: 16pt;
        color: gray;
    }
    .heading {
        margin-top: 0ex;
        margin-bottom: 1ex;
    }
    .heading .attribute {
        margin-top: 1ex;
        margin-bottom: 0;
    }
    .heading .description {
        margin-top: 2ex;
        margin-bottom: 3ex;
    }
    /* -- css div popup ------------------------------------------------------------------------ */
    a.popup_link {
    }
    a.popup_link:hover {
        color: red;
    }
    .popup_window {
        display: none;
        position: relative;
        left: 0px;
        top: 0px;
        /*border: solid #627173 1px; */
        padding: 10px;
        /*background-color: #E6E6D6; */
        font-family: "Lucida Console", "Courier New", Courier, monospace;
        text-align: left;
        font-size: 8pt;
        /* width: 500px;*/
    }
    }
    /* -- report ------------------------------------------------------------------------ */
    #show_detail_line {
        margin-top: 3ex;
        margin-bottom: 1ex;
    }
    #result_table {
        width: 99%;
    }
    #header_row {
        font-weight: bold;
        color: #303641;
        background-color: #ebebeb;
    }
    #total_row  { font-weight: bold; }
    .passClass  { background-color: #bdedbc; }
    .failClass  { background-color: #ffefa4; }
    .errorClass { background-color: #ffc9c9; }
    .passCase   { color: #6c6; }
    .failCase   { color: #FF6600; font-weight: bold; }
    .errorCase  { color: #c00; font-weight: bold; }
    .hiddenRow  { display: none; }
    .testcase   { margin-left: 2em; }
    /* -- ending ---------------------------------------------------------------------- */
    #ending {
    }
    #div_base {
                position:absolute;
                top:0%;
                left:5%;
                right:5%;
                width: auto;
                height: auto;
                margin: 320px 0 0 0;
    }
</style>


</head>
<body>
    <script language="javascript" type="text/javascript"><!--
    output_list = Array();
    /* level - 0:Summary; 1:Failed; 2:All */
    function showCase(level) {
        trs = document.getElementsByTagName("tr");
        for (var i = 0; i < trs.length; i++) {
            tr = trs[i];
            id = tr.id;
            if (id.substr(0,2) == 'ft') {
                if (level < 1) {
                    tr.className = 'hiddenRow';
                }
                else {
                    tr.className = '';
                }
            }
            if (id.substr(0,2) == 'pt') {
                if (level > 1) {
                    tr.className = '';
                }
                else {
                    tr.className = 'hiddenRow';
                }
            }
        }
    }
    function showClassDetail(cid, count) {
        var id_list = Array(count);
        var toHide = 1;
        for (var i = 0; i < count; i++) {
            tid0 = 't' + cid.substr(1) + '.' + (i+1);
            tid = 'f' + tid0;
            tr = document.getElementById(tid);
            if (!tr) {
                tid = 'p' + tid0;
                tr = document.getElementById(tid);
            }
            id_list[i] = tid;
            if (tr.className) {
                toHide = 0;
            }
        }
        for (var i = 0; i < count; i++) {
            tid = id_list[i];
            if (toHide) {
                document.getElementById('div_'+tid).style.display = 'none'
                document.getElementById(tid).className = 'hiddenRow';
            }
            else {
                document.getElementById(tid).className = '';
            }
        }
    }
    function showTestDetail(div_id){
        var details_div = document.getElementById(div_id)
        var displayState = details_div.style.display
        // alert(displayState)
        if (displayState != 'block' ) {
            displayState = 'block'
            details_div.style.display = 'block'
        }
        else {
            details_div.style.display = 'none'
        }
    }
    function html_escape(s) {
        s = s.replace(/&/g,'&amp;');
        s = s.replace(/</g,'&lt;');
        s = s.replace(/>/g,'&gt;');
        return s;
    }
    /* obsoleted by detail in <div>
    function showOutput(id, name) {
        var w = window.open("", //url
                        name,
                        "resizable,scrollbars,status,width=800,height=450");
        d = w.document;
        d.write("<pre>");
        d.write(html_escape(output_list[id]));
        d.write("\n");
        d.write("<a href='javascript:window.close()'>close</a>\n");
        d.write("</pre>\n");
        d.close();
    }
    */
    --></script>
    <div id="div_base">
        
    <div class='page-header'>
        <h1>众荟接口测试</h1>
    <p class='attribute'><strong>开始时间:</strong> 2019-07-10 17:20:37</p>
<p class='attribute'><strong>运行时长:</strong> 0:00:09.203526</p>
<p class='attribute'><strong>状态:</strong> 失败 18 错误 24</p>

    </div>
    <div style="float: left;width:50%;"><p class='description'>众荟接口测试</p></div>
    <div id="chart" style="width:50%;height:400px;float:left;"></div>

        
    <div class="btn-group btn-group-sm">
        <button class="btn btn-default" onclick='javascript:showCase(0)'>总结</button>
        <button class="btn btn-default" onclick='javascript:showCase(1)'>失败</button>
        <button class="btn btn-default" onclick='javascript:showCase(2)'>全部</button>
    </div>
    <p></p>
    <table id='result_table' class="table table-bordered">
        <colgroup>
            <col align='left' />
            <col align='right' />
            <col align='right' />
            <col align='right' />
            <col align='right' />
            <col align='right' />
        </colgroup>
        <tr id='header_row'>
            <td colspan="2">测试套件/测试用例</td>
            <td>总数</td>
            <td>通过</td>
            <td>失败</td>
            <td>错误</td>
            <td>查看</td>
        </tr>
        
    <tr class='errorClass'>
        <td>test_1.TestReverse</td>
        <td>参数化</td>
        <td>32</td>
        <td>0</td>
        <td>14</td>
        <td>18</td>
        <td><a href="javascript:showClassDetail('c1',32)">详情</a></td>
    </tr>

<tr id='ft1.1' class='none'>
    <td class='failCase'><div class='testcase'>1.TestReverse.testReverse_01_查询会员列表: Built-in mutable sequence.</div></td>
    <td class='failCase'><div class='testcase'>ft1.1: [None, 'fbc11b00-a2f3-11e9-943e-a58c8e62ef81']</div></td>
    <td colspan='5' align='center'>
    <!--css div popup start-->
    <a class="popup_link" onfocus='this.blur();' href="javascript:showTestDetail('div_ft1.1')" >
        失败</a>
    <div id='div_ft1.1' class="popup_window">
        <pre>ft1.1: [None, 'fbc11b00-a2f3-11e9-943e-a58c8e62ef81']
Traceback (most recent call last):
  File "C:\Users\Administrator\AppData\Local\Programs\Python\Python37\lib\site-packages\ddt.py", line 145, in wrapper
    return func(self, *args, **kwargs)
  File "E:\api_test\interface_case\test_1.py", line 95, in testReverse
    self.checkResult()
  File "E:\api_test\interface_case\test_1.py", line 103, in checkResult
    sorted(self.message.split(',')))
AssertionError: Lists differ: ['1', '000000'] != ['0', '000000']

First differing element 0:
'1'
'0'

- ['1', '000000']
?   ^

+ ['0', '000000']
?   ^

</pre>
    </div>
    <!--css div popup end-->
    </td>
</tr>

<tr id='ft1.2' class='none'>
    <td class='failCase'><div class='testcase'>1.TestReverse.testReverse_02_新建会员: Built-in mutable sequence.</div></td>
    <td class='failCase'><div class='testcase'>ft1.2: [None, 'fc09e3d1-a2f3-11e9-943e-a58c8e62ef81']</div></td>
    <td colspan='5' align='center'>
    <!--css div popup start-->
    <a class="popup_link" onfocus='this.blur();' href="javascript:showTestDetail('div_ft1.2')" >
        失败</a>
    <div id='div_ft1.2' class="popup_window">
        <pre>ft1.2: [None, 'fc09e3d1-a2f3-11e9-943e-a58c8e62ef81']
Traceback (most recent call last):
  File "C:\Users\Administrator\AppData\Local\Programs\Python\Python37\lib\site-packages\ddt.py", line 145, in wrapper
    return func(self, *args, **kwargs)
  File "E:\api_test\interface_case\test_1.py", line 95, in testReverse
    self.checkResult()
  File "E:\api_test\interface_case\test_1.py", line 103, in checkResult
    sorted(self.message.split(',')))
AssertionError: Lists differ: ['1', '000000'] != ['0', '000000']

First differing element 0:
'1'
'0'

- ['1', '000000']
?   ^

+ ['0', '000000']
?   ^

</pre>
    </div>
    <!--css div popup end-->
    </td>
</tr>

<tr id='ft1.3' class='none'>
    <td class='errorCase'><div class='testcase'>1.TestReverse.testReverse_03_会员详情: Built-in mutable sequence.</div></td>
    <td class='errorCase'><div class='testcase'>ft1.3: Traceback (most recent call last):</div></td>
    <td colspan='5' align='center'>
    <!--css div popup start-->
    <a class="popup_link" onfocus='this.blur();' href="javascript:showTestDetail('div_ft1.3')" >
        错误</a>
    <div id='div_ft1.3' class="popup_window">
        <pre>ft1.3: Traceback (most recent call last):
  File "C:\Users\Administrator\AppData\Local\Programs\Python\Python37\lib\site-packages\ddt.py", line 145, in wrapper
    return func(self, *args, **kwargs)
  File "E:\api_test\interface_case\test_1.py", line 73, in testReverse
    datas = update_all.update_all(sheet_name,self.associate_id,self.data,self.get_param,self.set_param)
  File "E:\api_test\common\request_update.py", line 80, in update_all
    update_target_value(set_param, data, value)
NameError: name 'value' is not defined
</pre>
    </div>
    <!--css div popup end-->
    </td>
</tr>

<tr id='ft1.4' class='none'>
    <td class='errorCase'><div class='testcase'>1.TestReverse.testReverse_04_修改会员: Built-in mutable sequence.</div></td>
    <td class='errorCase'><div class='testcase'>ft1.4: Traceback (most recent call last):</div></td>
    <td colspan='5' align='center'>
    <!--css div popup start-->
    <a class="popup_link" onfocus='this.blur();' href="javascript:showTestDetail('div_ft1.4')" >
        错误</a>
    <div id='div_ft1.4' class="popup_window">
        <pre>ft1.4: Traceback (most recent call last):
  File "C:\Users\Administrator\AppData\Local\Programs\Python\Python37\lib\site-packages\ddt.py", line 145, in wrapper
    return func(self, *args, **kwargs)
  File "E:\api_test\interface_case\test_1.py", line 73, in testReverse
    datas = update_all.update_all(sheet_name,self.associate_id,self.data,self.get_param,self.set_param)
  File "E:\api_test\common\request_update.py", line 80, in update_all
    update_target_value(set_param, data, value)
NameError: name 'value' is not defined
</pre>
    </div>
    <!--css div popup end-->
    </td>
</tr>

<tr id='ft1.5' class='none'>
    <td class='errorCase'><div class='testcase'>1.TestReverse.testReverse_05_查询会员消费记录: Built-in mutable sequence.</div></td>
    <td class='errorCase'><div class='testcase'>ft1.5: Traceback (most recent call last):</div></td>
    <td colspan='5' align='center'>
    <!--css div popup start-->
    <a class="popup_link" onfocus='this.blur();' href="javascript:showTestDetail('div_ft1.5')" >
        错误</a>
    <div id='div_ft1.5' class="popup_window">
        <pre>ft1.5: Traceback (most recent call last):
  File "C:\Users\Administrator\AppData\Local\Programs\Python\Python37\lib\site-packages\ddt.py", line 145, in wrapper
    return func(self, *args, **kwargs)
  File "E:\api_test\interface_case\test_1.py", line 73, in testReverse
    datas = update_all.update_all(sheet_name,self.associate_id,self.data,self.get_param,self.set_param)
  File "E:\api_test\common\request_update.py", line 80, in update_all
    update_target_value(set_param, data, value)
NameError: name 'value' is not defined
</pre>
    </div>
    <!--css div popup end-->
    </td>
</tr>

<tr id='ft1.6' class='none'>
    <td class='errorCase'><div class='testcase'>1.TestReverse.testReverse_06_积分明细: Built-in mutable sequence.</div></td>
    <td class='errorCase'><div class='testcase'>ft1.6: Traceback (most recent call last):</div></td>
    <td colspan='5' align='center'>
    <!--css div popup start-->
    <a class="popup_link" onfocus='this.blur();' href="javascript:showTestDetail('div_ft1.6')" >
        错误</a>
    <div id='div_ft1.6' class="popup_window">
        <pre>ft1.6: Traceback (most recent call last):
  File "C:\Users\Administrator\AppData\Local\Programs\Python\Python37\lib\site-packages\ddt.py", line 145, in wrapper
    return func(self, *args, **kwargs)
  File "E:\api_test\interface_case\test_1.py", line 73, in testReverse
    datas = update_all.update_all(sheet_name,self.associate_id,self.data,self.get_param,self.set_param)
  File "E:\api_test\common\request_update.py", line 80, in update_all
    update_target_value(set_param, data, value)
NameError: name 'value' is not defined
</pre>
    </div>
    <!--css div popup end-->
    </td>
</tr>

<tr id='ft1.7' class='none'>
    <td class='errorCase'><div class='testcase'>1.TestReverse.testReverse_07_手动升降级: Built-in mutable sequence.</div></td>
    <td class='errorCase'><div class='testcase'>ft1.7: Traceback (most recent call last):</div></td>
    <td colspan='5' align='center'>
    <!--css div popup start-->
    <a class="popup_link" onfocus='this.blur();' href="javascript:showTestDetail('div_ft1.7')" >
        错误</a>
    <div id='div_ft1.7' class="popup_window">
        <pre>ft1.7: Traceback (most recent call last):
  File "C:\Users\Administrator\AppData\Local\Programs\Python\Python37\lib\site-packages\ddt.py", line 145, in wrapper
    return func(self, *args, **kwargs)
  File "E:\api_test\interface_case\test_1.py", line 73, in testReverse
    datas = update_all.update_all(sheet_name,self.associate_id,self.data,self.get_param,self.set_param)
  File "E:\api_test\common\request_update.py", line 80, in update_all
    update_target_value(set_param, data, value)
NameError: name 'value' is not defined
</pre>
    </div>
    <!--css div popup end-->
    </td>
</tr>

<tr id='ft1.8' class='none'>
    <td class='errorCase'><div class='testcase'>1.TestReverse.testReverse_08_重置密码: Built-in mutable sequence.</div></td>
    <td class='errorCase'><div class='testcase'>ft1.8: Traceback (most recent call last):</div></td>
    <td colspan='5' align='center'>
    <!--css div popup start-->
    <a class="popup_link" onfocus='this.blur();' href="javascript:showTestDetail('div_ft1.8')" >
        错误</a>
    <div id='div_ft1.8' class="popup_window">
        <pre>ft1.8: Traceback (most recent call last):
  File "C:\Users\Administrator\AppData\Local\Programs\Python\Python37\lib\site-packages\ddt.py", line 145, in wrapper
    return func(self, *args, **kwargs)
  File "E:\api_test\interface_case\test_1.py", line 73, in testReverse
    datas = update_all.update_all(sheet_name,self.associate_id,self.data,self.get_param,self.set_param)
  File "E:\api_test\common\request_update.py", line 80, in update_all
    update_target_value(set_param, data, value)
NameError: name 'value' is not defined
</pre>
    </div>
    <!--css div popup end-->
    </td>
</tr>

<tr id='ft1.9' class='none'>
    <td class='failCase'><div class='testcase'>1.TestReverse.testReverse_09_积分累计策略列表: Built-in mutable sequence.</div></td>
    <td class='failCase'><div class='testcase'>ft1.9: [None, 'fc545a51-a2f3-11e9-943e-a58c8e62ef81']</div></td>
    <td colspan='5' align='center'>
    <!--css div popup start-->
    <a class="popup_link" onfocus='this.blur();' href="javascript:showTestDetail('div_ft1.9')" >
        失败</a>
    <div id='div_ft1.9' class="popup_window">
        <pre>ft1.9: [None, 'fc545a51-a2f3-11e9-943e-a58c8e62ef81']
Traceback (most recent call last):
  File "C:\Users\Administrator\AppData\Local\Programs\Python\Python37\lib\site-packages\ddt.py", line 145, in wrapper
    return func(self, *args, **kwargs)
  File "E:\api_test\interface_case\test_1.py", line 95, in testReverse
    self.checkResult()
  File "E:\api_test\interface_case\test_1.py", line 103, in checkResult
    sorted(self.message.split(',')))
AssertionError: Lists differ: ['1', '000000'] != ['0', '000000']

First differing element 0:
'1'
'0'

- ['1', '000000']
?   ^

+ ['0', '000000']
?   ^

</pre>
    </div>
    <!--css div popup end-->
    </td>
</tr>

<tr id='ft1.10' class='none'>
    <td class='failCase'><div class='testcase'>1.TestReverse.testReverse_10_新建积分累积策略: Built-in mutable sequence.</div></td>
    <td class='failCase'><div class='testcase'>ft1.10: [None, 'fc9e0d80-a2f3-11e9-943e-a58c8e62ef81']</div></td>
    <td colspan='5' align='center'>
    <!--css div popup start-->
    <a class="popup_link" onfocus='this.blur();' href="javascript:showTestDetail('div_ft1.10')" >
        失败</a>
    <div id='div_ft1.10' class="popup_window">
        <pre>ft1.10: [None, 'fc9e0d80-a2f3-11e9-943e-a58c8e62ef81']
Traceback (most recent call last):
  File "C:\Users\Administrator\AppData\Local\Programs\Python\Python37\lib\site-packages\ddt.py", line 145, in wrapper
    return func(self, *args, **kwargs)
  File "E:\api_test\interface_case\test_1.py", line 95, in testReverse
    self.checkResult()
  File "E:\api_test\interface_case\test_1.py", line 103, in checkResult
    sorted(self.message.split(',')))
AssertionError: Lists differ: ['1', '000000'] != ['0', '000000']

First differing element 0:
'1'
'0'

- ['1', '000000']
?   ^

+ ['0', '000000']
?   ^

</pre>
    </div>
    <!--css div popup end-->
    </td>
</tr>

<tr id='ft1.11' class='none'>
    <td class='errorCase'><div class='testcase'>1.TestReverse.testReverse_11_积分累积策略详情: Built-in mutable sequence.</div></td>
    <td class='errorCase'><div class='testcase'>ft1.11: Traceback (most recent call last):</div></td>
    <td colspan='5' align='center'>
    <!--css div popup start-->
    <a class="popup_link" onfocus='this.blur();' href="javascript:showTestDetail('div_ft1.11')" >
        错误</a>
    <div id='div_ft1.11' class="popup_window">
        <pre>ft1.11: Traceback (most recent call last):
  File "C:\Users\Administrator\AppData\Local\Programs\Python\Python37\lib\site-packages\ddt.py", line 145, in wrapper
    return func(self, *args, **kwargs)
  File "E:\api_test\interface_case\test_1.py", line 73, in testReverse
    datas = update_all.update_all(sheet_name,self.associate_id,self.data,self.get_param,self.set_param)
  File "E:\api_test\common\request_update.py", line 80, in update_all
    update_target_value(set_param, data, value)
NameError: name 'value' is not defined
</pre>
    </div>
    <!--css div popup end-->
    </td>
</tr>

<tr id='ft1.12' class='none'>
    <td class='errorCase'><div class='testcase'>1.TestReverse.testReverse_12_修改积分累积策略: Built-in mutable sequence.</div></td>
    <td class='errorCase'><div class='testcase'>ft1.12: Traceback (most recent call last):</div></td>
    <td colspan='5' align='center'>
    <!--css div popup start-->
    <a class="popup_link" onfocus='this.blur();' href="javascript:showTestDetail('div_ft1.12')" >
        错误</a>
    <div id='div_ft1.12' class="popup_window">
        <pre>ft1.12: Traceback (most recent call last):
  File "C:\Users\Administrator\AppData\Local\Programs\Python\Python37\lib\site-packages\ddt.py", line 145, in wrapper
    return func(self, *args, **kwargs)
  File "E:\api_test\interface_case\test_1.py", line 73, in testReverse
    datas = update_all.update_all(sheet_name,self.associate_id,self.data,self.get_param,self.set_param)
  File "E:\api_test\common\request_update.py", line 106, in update_all
    update_target_value(set_param, data, value)
NameError: name 'value' is not defined
</pre>
    </div>
    <!--css div popup end-->
    </td>
</tr>

<tr id='ft1.13' class='none'>
    <td class='errorCase'><div class='testcase'>1.TestReverse.testReverse_13_积分累积策略作废: Built-in mutable sequence.</div></td>
    <td class='errorCase'><div class='testcase'>ft1.13: Traceback (most recent call last):</div></td>
    <td colspan='5' align='center'>
    <!--css div popup start-->
    <a class="popup_link" onfocus='this.blur();' href="javascript:showTestDetail('div_ft1.13')" >
        错误</a>
    <div id='div_ft1.13' class="popup_window">
        <pre>ft1.13: Traceback (most recent call last):
  File "C:\Users\Administrator\AppData\Local\Programs\Python\Python37\lib\site-packages\ddt.py", line 145, in wrapper
    return func(self, *args, **kwargs)
  File "E:\api_test\interface_case\test_1.py", line 73, in testReverse
    datas = update_all.update_all(sheet_name,self.associate_id,self.data,self.get_param,self.set_param)
  File "E:\api_test\common\request_update.py", line 80, in update_all
    update_target_value(set_param, data, value)
NameError: name 'value' is not defined
</pre>
    </div>
    <!--css div popup end-->
    </td>
</tr>

<tr id='ft1.14' class='none'>
    <td class='errorCase'><div class='testcase'>1.TestReverse.testReverse_14_积分累积策略恢复: Built-in mutable sequence.</div></td>
    <td class='errorCase'><div class='testcase'>ft1.14: Traceback (most recent call last):</div></td>
    <td colspan='5' align='center'>
    <!--css div popup start-->
    <a class="popup_link" onfocus='this.blur();' href="javascript:showTestDetail('div_ft1.14')" >
        错误</a>
    <div id='div_ft1.14' class="popup_window">
        <pre>ft1.14: Traceback (most recent call last):
  File "C:\Users\Administrator\AppData\Local\Programs\Python\Python37\lib\site-packages\ddt.py", line 145, in wrapper
    return func(self, *args, **kwargs)
  File "E:\api_test\interface_case\test_1.py", line 73, in testReverse
    datas = update_all.update_all(sheet_name,self.associate_id,self.data,self.get_param,self.set_param)
  File "E:\api_test\common\request_update.py", line 80, in update_all
    update_target_value(set_param, data, value)
NameError: name 'value' is not defined
</pre>
    </div>
    <!--css div popup end-->
    </td>
</tr>

<tr id='ft1.15' class='none'>
    <td class='failCase'><div class='testcase'>1.TestReverse.testReverse_15_新建升降级策略: Built-in mutable sequence.</div></td>
    <td class='failCase'><div class='testcase'>ft1.15: [None, 'fce80ed0-a2f3-11e9-943e-a58c8e62ef81']</div></td>
    <td colspan='5' align='center'>
    <!--css div popup start-->
    <a class="popup_link" onfocus='this.blur();' href="javascript:showTestDetail('div_ft1.15')" >
        失败</a>
    <div id='div_ft1.15' class="popup_window">
        <pre>ft1.15: [None, 'fce80ed0-a2f3-11e9-943e-a58c8e62ef81']
Traceback (most recent call last):
  File "C:\Users\Administrator\AppData\Local\Programs\Python\Python37\lib\site-packages\ddt.py", line 145, in wrapper
    return func(self, *args, **kwargs)
  File "E:\api_test\interface_case\test_1.py", line 95, in testReverse
    self.checkResult()
  File "E:\api_test\interface_case\test_1.py", line 103, in checkResult
    sorted(self.message.split(',')))
AssertionError: Lists differ: ['1', '000000'] != ['0', '000000']

First differing element 0:
'1'
'0'

- ['1', '000000']
?   ^

+ ['0', '000000']
?   ^

</pre>
    </div>
    <!--css div popup end-->
    </td>
</tr>

<tr id='ft1.16' class='none'>
    <td class='errorCase'><div class='testcase'>1.TestReverse.testReverse_16_升降级策略详情: Built-in mutable sequence.</div></td>
    <td class='errorCase'><div class='testcase'>ft1.16: Traceback (most recent call last):</div></td>
    <td colspan='5' align='center'>
    <!--css div popup start-->
    <a class="popup_link" onfocus='this.blur();' href="javascript:showTestDetail('div_ft1.16')" >
        错误</a>
    <div id='div_ft1.16' class="popup_window">
        <pre>ft1.16: Traceback (most recent call last):
  File "C:\Users\Administrator\AppData\Local\Programs\Python\Python37\lib\site-packages\ddt.py", line 145, in wrapper
    return func(self, *args, **kwargs)
  File "E:\api_test\interface_case\test_1.py", line 73, in testReverse
    datas = update_all.update_all(sheet_name,self.associate_id,self.data,self.get_param,self.set_param)
  File "E:\api_test\common\request_update.py", line 80, in update_all
    update_target_value(set_param, data, value)
NameError: name 'value' is not defined
</pre>
    </div>
    <!--css div popup end-->
    </td>
</tr>

<tr id='ft1.17' class='none'>
    <td class='errorCase'><div class='testcase'>1.TestReverse.testReverse_17_修改升降级策略: Built-in mutable sequence.</div></td>
    <td class='errorCase'><div class='testcase'>ft1.17: Traceback (most recent call last):</div></td>
    <td colspan='5' align='center'>
    <!--css div popup start-->
    <a class="popup_link" onfocus='this.blur();' href="javascript:showTestDetail('div_ft1.17')" >
        错误</a>
    <div id='div_ft1.17' class="popup_window">
        <pre>ft1.17: Traceback (most recent call last):
  File "C:\Users\Administrator\AppData\Local\Programs\Python\Python37\lib\site-packages\ddt.py", line 145, in wrapper
    return func(self, *args, **kwargs)
  File "E:\api_test\interface_case\test_1.py", line 73, in testReverse
    datas = update_all.update_all(sheet_name,self.associate_id,self.data,self.get_param,self.set_param)
  File "E:\api_test\common\request_update.py", line 80, in update_all
    update_target_value(set_param, data, value)
NameError: name 'value' is not defined
</pre>
    </div>
    <!--css div popup end-->
    </td>
</tr>

<tr id='ft1.18' class='none'>
    <td class='errorCase'><div class='testcase'>1.TestReverse.testReverse_18_升降级策略作废: Built-in mutable sequence.</div></td>
    <td class='errorCase'><div class='testcase'>ft1.18: Traceback (most recent call last):</div></td>
    <td colspan='5' align='center'>
    <!--css div popup start-->
    <a class="popup_link" onfocus='this.blur();' href="javascript:showTestDetail('div_ft1.18')" >
        错误</a>
    <div id='div_ft1.18' class="popup_window">
        <pre>ft1.18: Traceback (most recent call last):
  File "C:\Users\Administrator\AppData\Local\Programs\Python\Python37\lib\site-packages\ddt.py", line 145, in wrapper
    return func(self, *args, **kwargs)
  File "E:\api_test\interface_case\test_1.py", line 73, in testReverse
    datas = update_all.update_all(sheet_name,self.associate_id,self.data,self.get_param,self.set_param)
  File "E:\api_test\common\request_update.py", line 80, in update_all
    update_target_value(set_param, data, value)
NameError: name 'value' is not defined
</pre>
    </div>
    <!--css div popup end-->
    </td>
</tr>

<tr id='ft1.19' class='none'>
    <td class='errorCase'><div class='testcase'>1.TestReverse.testReverse_19_升降级策略恢复: Built-in mutable sequence.</div></td>
    <td class='errorCase'><div class='testcase'>ft1.19: Traceback (most recent call last):</div></td>
    <td colspan='5' align='center'>
    <!--css div popup start-->
    <a class="popup_link" onfocus='this.blur();' href="javascript:showTestDetail('div_ft1.19')" >
        错误</a>
    <div id='div_ft1.19' class="popup_window">
        <pre>ft1.19: Traceback (most recent call last):
  File "C:\Users\Administrator\AppData\Local\Programs\Python\Python37\lib\site-packages\ddt.py", line 145, in wrapper
    return func(self, *args, **kwargs)
  File "E:\api_test\interface_case\test_1.py", line 73, in testReverse
    datas = update_all.update_all(sheet_name,self.associate_id,self.data,self.get_param,self.set_param)
  File "E:\api_test\common\request_update.py", line 80, in update_all
    update_target_value(set_param, data, value)
NameError: name 'value' is not defined
</pre>
    </div>
    <!--css div popup end-->
    </td>
</tr>

<tr id='ft1.20' class='none'>
    <td class='failCase'><div class='testcase'>1.TestReverse.testReverse_20_新建会员手机号重复: Built-in mutable sequence.</div></td>
    <td class='failCase'><div class='testcase'>ft1.20: [None, 'fd3c7061-a2f3-11e9-943e-a58c8e62ef81']</div></td>
    <td colspan='5' align='center'>
    <!--css div popup start-->
    <a class="popup_link" onfocus='this.blur();' href="javascript:showTestDetail('div_ft1.20')" >
        失败</a>
    <div id='div_ft1.20' class="popup_window">
        <pre>ft1.20: [None, 'fd3c7061-a2f3-11e9-943e-a58c8e62ef81']
Traceback (most recent call last):
  File "C:\Users\Administrator\AppData\Local\Programs\Python\Python37\lib\site-packages\ddt.py", line 145, in wrapper
    return func(self, *args, **kwargs)
  File "E:\api_test\interface_case\test_1.py", line 95, in testReverse
    self.checkResult()
  File "E:\api_test\interface_case\test_1.py", line 103, in checkResult
    sorted(self.message.split(',')))
AssertionError: Lists differ: ['1', '000000'] != ['1', '354066']

First differing element 1:
'000000'
'354066'

- ['1', '000000']
+ ['1', '354066']
</pre>
    </div>
    <!--css div popup end-->
    </td>
</tr>

<tr id='ft1.21' class='none'>
    <td class='failCase'><div class='testcase'>1.TestReverse.testReverse_21_新建积分策略代码重复: Built-in mutable sequence.</div></td>
    <td class='failCase'><div class='testcase'>ft1.21: [None, 'fd858750-a2f3-11e9-943e-a58c8e62ef81']</div></td>
    <td colspan='5' align='center'>
    <!--css div popup start-->
    <a class="popup_link" onfocus='this.blur();' href="javascript:showTestDetail('div_ft1.21')" >
        失败</a>
    <div id='div_ft1.21' class="popup_window">
        <pre>ft1.21: [None, 'fd858750-a2f3-11e9-943e-a58c8e62ef81']
Traceback (most recent call last):
  File "C:\Users\Administrator\AppData\Local\Programs\Python\Python37\lib\site-packages\ddt.py", line 145, in wrapper
    return func(self, *args, **kwargs)
  File "E:\api_test\interface_case\test_1.py", line 95, in testReverse
    self.checkResult()
  File "E:\api_test\interface_case\test_1.py", line 103, in checkResult
    sorted(self.message.split(',')))
AssertionError: Lists differ: ['1', '000000'] != ['1', '354016']

First differing element 1:
'000000'
'354016'

- ['1', '000000']
+ ['1', '354016']
</pre>
    </div>
    <!--css div popup end-->
    </td>
</tr>

<tr id='ft1.22' class='none'>
    <td class='failCase'><div class='testcase'>1.TestReverse.testReverse_22_新建升降级策略代码重复: Built-in mutable sequence.</div></td>
    <td class='failCase'><div class='testcase'>ft1.22: [None, 'fdce7730-a2f3-11e9-943e-a58c8e62ef81']</div></td>
    <td colspan='5' align='center'>
    <!--css div popup start-->
    <a class="popup_link" onfocus='this.blur();' href="javascript:showTestDetail('div_ft1.22')" >
        失败</a>
    <div id='div_ft1.22' class="popup_window">
        <pre>ft1.22: [None, 'fdce7730-a2f3-11e9-943e-a58c8e62ef81']
Traceback (most recent call last):
  File "C:\Users\Administrator\AppData\Local\Programs\Python\Python37\lib\site-packages\ddt.py", line 145, in wrapper
    return func(self, *args, **kwargs)
  File "E:\api_test\interface_case\test_1.py", line 95, in testReverse
    self.checkResult()
  File "E:\api_test\interface_case\test_1.py", line 103, in checkResult
    sorted(self.message.split(',')))
AssertionError: Lists differ: ['1', '000000'] != ['1', '354031']

First differing element 1:
'000000'
'354031'

- ['1', '000000']
+ ['1', '354031']
</pre>
    </div>
    <!--css div popup end-->
    </td>
</tr>

<tr id='ft1.23' class='none'>
    <td class='failCase'><div class='testcase'>1.TestReverse.testReverse_23_积分策略日期存在交集数据: Built-in mutable sequence.</div></td>
    <td class='failCase'><div class='testcase'>ft1.23: [None, 'fe16cad1-a2f3-11e9-943e-a58c8e62ef81']</div></td>
    <td colspan='5' align='center'>
    <!--css div popup start-->
    <a class="popup_link" onfocus='this.blur();' href="javascript:showTestDetail('div_ft1.23')" >
        失败</a>
    <div id='div_ft1.23' class="popup_window">
        <pre>ft1.23: [None, 'fe16cad1-a2f3-11e9-943e-a58c8e62ef81']
Traceback (most recent call last):
  File "C:\Users\Administrator\AppData\Local\Programs\Python\Python37\lib\site-packages\ddt.py", line 145, in wrapper
    return func(self, *args, **kwargs)
  File "E:\api_test\interface_case\test_1.py", line 95, in testReverse
    self.checkResult()
  File "E:\api_test\interface_case\test_1.py", line 103, in checkResult
    sorted(self.message.split(',')))
AssertionError: Lists differ: ['1', '000000'] != ['1', '354015']

First differing element 1:
'000000'
'354015'

- ['1', '000000']
+ ['1', '354015']
</pre>
    </div>
    <!--css div popup end-->
    </td>
</tr>

<tr id='ft1.24' class='none'>
    <td class='failCase'><div class='testcase'>1.TestReverse.testReverse_24_升级策略日期存在交集数据: Built-in mutable sequence.</div></td>
    <td class='failCase'><div class='testcase'>ft1.24: [None, 'fe5ea941-a2f3-11e9-943e-a58c8e62ef81']</div></td>
    <td colspan='5' align='center'>
    <!--css div popup start-->
    <a class="popup_link" onfocus='this.blur();' href="javascript:showTestDetail('div_ft1.24')" >
        失败</a>
    <div id='div_ft1.24' class="popup_window">
        <pre>ft1.24: [None, 'fe5ea941-a2f3-11e9-943e-a58c8e62ef81']
Traceback (most recent call last):
  File "C:\Users\Administrator\AppData\Local\Programs\Python\Python37\lib\site-packages\ddt.py", line 145, in wrapper
    return func(self, *args, **kwargs)
  File "E:\api_test\interface_case\test_1.py", line 95, in testReverse
    self.checkResult()
  File "E:\api_test\interface_case\test_1.py", line 103, in checkResult
    sorted(self.message.split(',')))
AssertionError: Lists differ: ['1', '000000'] != ['1', '354032']

First differing element 1:
'000000'
'354032'

- ['1', '000000']
+ ['1', '354032']
</pre>
    </div>
    <!--css div popup end-->
    </td>
</tr>

<tr id='ft1.25' class='none'>
    <td class='failCase'><div class='testcase'>1.TestReverse.testReverse_25_新建会员等级: Built-in mutable sequence.</div></td>
    <td class='failCase'><div class='testcase'>ft1.25: [None, 'fea5c461-a2f3-11e9-943e-a58c8e62ef81']</div></td>
    <td colspan='5' align='center'>
    <!--css div popup start-->
    <a class="popup_link" onfocus='this.blur();' href="javascript:showTestDetail('div_ft1.25')" >
        失败</a>
    <div id='div_ft1.25' class="popup_window">
        <pre>ft1.25: [None, 'fea5c461-a2f3-11e9-943e-a58c8e62ef81']
Traceback (most recent call last):
  File "C:\Users\Administrator\AppData\Local\Programs\Python\Python37\lib\site-packages\ddt.py", line 145, in wrapper
    return func(self, *args, **kwargs)
  File "E:\api_test\interface_case\test_1.py", line 95, in testReverse
    self.checkResult()
  File "E:\api_test\interface_case\test_1.py", line 103, in checkResult
    sorted(self.message.split(',')))
AssertionError: Lists differ: ['1', '000000'] != ['0', '000000']

First differing element 0:
'1'
'0'

- ['1', '000000']
?   ^

+ ['0', '000000']
?   ^

</pre>
    </div>
    <!--css div popup end-->
    </td>
</tr>

<tr id='ft1.26' class='none'>
    <td class='errorCase'><div class='testcase'>1.TestReverse.testReverse_26_修改会员等级: Built-in mutable sequence.</div></td>
    <td class='errorCase'><div class='testcase'>ft1.26: Traceback (most recent call last):</div></td>
    <td colspan='5' align='center'>
    <!--css div popup start-->
    <a class="popup_link" onfocus='this.blur();' href="javascript:showTestDetail('div_ft1.26')" >
        错误</a>
    <div id='div_ft1.26' class="popup_window">
        <pre>ft1.26: Traceback (most recent call last):
  File "C:\Users\Administrator\AppData\Local\Programs\Python\Python37\lib\site-packages\ddt.py", line 145, in wrapper
    return func(self, *args, **kwargs)
  File "E:\api_test\interface_case\test_1.py", line 73, in testReverse
    datas = update_all.update_all(sheet_name,self.associate_id,self.data,self.get_param,self.set_param)
  File "E:\api_test\common\request_update.py", line 80, in update_all
    update_target_value(set_param, data, value)
NameError: name 'value' is not defined
</pre>
    </div>
    <!--css div popup end-->
    </td>
</tr>

<tr id='ft1.27' class='none'>
    <td class='errorCase'><div class='testcase'>1.TestReverse.testReverse_27_作废会员等级: Built-in mutable sequence.</div></td>
    <td class='errorCase'><div class='testcase'>ft1.27: Traceback (most recent call last):</div></td>
    <td colspan='5' align='center'>
    <!--css div popup start-->
    <a class="popup_link" onfocus='this.blur();' href="javascript:showTestDetail('div_ft1.27')" >
        错误</a>
    <div id='div_ft1.27' class="popup_window">
        <pre>ft1.27: Traceback (most recent call last):
  File "C:\Users\Administrator\AppData\Local\Programs\Python\Python37\lib\site-packages\ddt.py", line 145, in wrapper
    return func(self, *args, **kwargs)
  File "E:\api_test\interface_case\test_1.py", line 73, in testReverse
    datas = update_all.update_all(sheet_name,self.associate_id,self.data,self.get_param,self.set_param)
  File "E:\api_test\common\request_update.py", line 80, in update_all
    update_target_value(set_param, data, value)
NameError: name 'value' is not defined
</pre>
    </div>
    <!--css div popup end-->
    </td>
</tr>

<tr id='ft1.28' class='none'>
    <td class='errorCase'><div class='testcase'>1.TestReverse.testReverse_28_恢复会员等级: Built-in mutable sequence.</div></td>
    <td class='errorCase'><div class='testcase'>ft1.28: Traceback (most recent call last):</div></td>
    <td colspan='5' align='center'>
    <!--css div popup start-->
    <a class="popup_link" onfocus='this.blur();' href="javascript:showTestDetail('div_ft1.28')" >
        错误</a>
    <div id='div_ft1.28' class="popup_window">
        <pre>ft1.28: Traceback (most recent call last):
  File "C:\Users\Administrator\AppData\Local\Programs\Python\Python37\lib\site-packages\ddt.py", line 145, in wrapper
    return func(self, *args, **kwargs)
  File "E:\api_test\interface_case\test_1.py", line 73, in testReverse
    datas = update_all.update_all(sheet_name,self.associate_id,self.data,self.get_param,self.set_param)
  File "E:\api_test\common\request_update.py", line 80, in update_all
    update_target_value(set_param, data, value)
NameError: name 'value' is not defined
</pre>
    </div>
    <!--css div popup end-->
    </td>
</tr>

<tr id='ft1.29' class='none'>
    <td class='failCase'><div class='testcase'>1.TestReverse.testReverse_29_新建会员等级代码重复: Built-in mutable sequence.</div></td>
    <td class='failCase'><div class='testcase'>ft1.29: [None, 'fef6a380-a2f3-11e9-943e-a58c8e62ef81']</div></td>
    <td colspan='5' align='center'>
    <!--css div popup start-->
    <a class="popup_link" onfocus='this.blur();' href="javascript:showTestDetail('div_ft1.29')" >
        失败</a>
    <div id='div_ft1.29' class="popup_window">
        <pre>ft1.29: [None, 'fef6a380-a2f3-11e9-943e-a58c8e62ef81']
Traceback (most recent call last):
  File "C:\Users\Administrator\AppData\Local\Programs\Python\Python37\lib\site-packages\ddt.py", line 145, in wrapper
    return func(self, *args, **kwargs)
  File "E:\api_test\interface_case\test_1.py", line 95, in testReverse
    self.checkResult()
  File "E:\api_test\interface_case\test_1.py", line 103, in checkResult
    sorted(self.message.split(',')))
AssertionError: Lists differ: ['1', '000000'] != ['1', '354061']

First differing element 1:
'000000'
'354061'

- ['1', '000000']
+ ['1', '354061']
</pre>
    </div>
    <!--css div popup end-->
    </td>
</tr>

<tr id='ft1.30' class='none'>
    <td class='failCase'><div class='testcase'>1.TestReverse.testReverse_30_新建会员等级level重复: Built-in mutable sequence.</div></td>
    <td class='failCase'><div class='testcase'>ft1.30: [None, 'ff3e81f1-a2f3-11e9-943e-a58c8e62ef81']</div></td>
    <td colspan='5' align='center'>
    <!--css div popup start-->
    <a class="popup_link" onfocus='this.blur();' href="javascript:showTestDetail('div_ft1.30')" >
        失败</a>
    <div id='div_ft1.30' class="popup_window">
        <pre>ft1.30: [None, 'ff3e81f1-a2f3-11e9-943e-a58c8e62ef81']
Traceback (most recent call last):
  File "C:\Users\Administrator\AppData\Local\Programs\Python\Python37\lib\site-packages\ddt.py", line 145, in wrapper
    return func(self, *args, **kwargs)
  File "E:\api_test\interface_case\test_1.py", line 95, in testReverse
    self.checkResult()
  File "E:\api_test\interface_case\test_1.py", line 103, in checkResult
    sorted(self.message.split(',')))
AssertionError: Lists differ: ['-1', ''] != ['1', '500002']

First differing element 0:
'-1'
'1'

- ['-1', '']
+ ['1', '500002']
</pre>
    </div>
    <!--css div popup end-->
    </td>
</tr>

<tr id='ft1.31' class='none'>
    <td class='errorCase'><div class='testcase'>1.TestReverse.testReverse_31_会员等级详情: Built-in mutable sequence.</div></td>
    <td class='errorCase'><div class='testcase'>ft1.31: Traceback (most recent call last):</div></td>
    <td colspan='5' align='center'>
    <!--css div popup start-->
    <a class="popup_link" onfocus='this.blur();' href="javascript:showTestDetail('div_ft1.31')" >
        错误</a>
    <div id='div_ft1.31' class="popup_window">
        <pre>ft1.31: Traceback (most recent call last):
  File "C:\Users\Administrator\AppData\Local\Programs\Python\Python37\lib\site-packages\ddt.py", line 145, in wrapper
    return func(self, *args, **kwargs)
  File "E:\api_test\interface_case\test_1.py", line 73, in testReverse
    datas = update_all.update_all(sheet_name,self.associate_id,self.data,self.get_param,self.set_param)
  File "E:\api_test\common\request_update.py", line 80, in update_all
    update_target_value(set_param, data, value)
NameError: name 'value' is not defined
</pre>
    </div>
    <!--css div popup end-->
    </td>
</tr>

<tr id='ft1.32' class='none'>
    <td class='failCase'><div class='testcase'>1.TestReverse.testReverse_32_新建匿名会员: Built-in mutable sequence.</div></td>
    <td class='failCase'><div class='testcase'>ft1.32: [None, 'ff883521-a2f3-11e9-943e-a58c8e62ef81']</div></td>
    <td colspan='5' align='center'>
    <!--css div popup start-->
    <a class="popup_link" onfocus='this.blur();' href="javascript:showTestDetail('div_ft1.32')" >
        失败</a>
    <div id='div_ft1.32' class="popup_window">
        <pre>ft1.32: [None, 'ff883521-a2f3-11e9-943e-a58c8e62ef81']
Traceback (most recent call last):
  File "C:\Users\Administrator\AppData\Local\Programs\Python\Python37\lib\site-packages\ddt.py", line 145, in wrapper
    return func(self, *args, **kwargs)
  File "E:\api_test\interface_case\test_1.py", line 95, in testReverse
    self.checkResult()
  File "E:\api_test\interface_case\test_1.py", line 103, in checkResult
    sorted(self.message.split(',')))
AssertionError: Lists differ: ['1', '000000'] != ['0', '000000']

First differing element 0:
'1'
'0'

- ['1', '000000']
?   ^

+ ['0', '000000']
?   ^

</pre>
    </div>
    <!--css div popup end-->
    </td>
</tr>

    <tr class='errorClass'>
        <td>test_2.TestReverse</td>
        <td>参数化</td>
        <td>10</td>
        <td>0</td>
        <td>4</td>
        <td>6</td>
        <td><a href="javascript:showClassDetail('c2',10)">详情</a></td>
    </tr>

<tr id='ft2.1' class='none'>
    <td class='failCase'><div class='testcase'>2.TestReverse.testReverse_01_新建楼区: Built-in mutable sequence.</div></td>
    <td class='failCase'><div class='testcase'>ft2.1: [None, 'ffda9ae1-a2f3-11e9-943e-a58c8e62ef81']</div></td>
    <td colspan='5' align='center'>
    <!--css div popup start-->
    <a class="popup_link" onfocus='this.blur();' href="javascript:showTestDetail('div_ft2.1')" >
        失败</a>
    <div id='div_ft2.1' class="popup_window">
        <pre>ft2.1: [None, 'ffda9ae1-a2f3-11e9-943e-a58c8e62ef81']
Traceback (most recent call last):
  File "C:\Users\Administrator\AppData\Local\Programs\Python\Python37\lib\site-packages\ddt.py", line 145, in wrapper
    return func(self, *args, **kwargs)
  File "E:\api_test\interface_case\test_2.py", line 95, in testReverse
    self.checkResult()
  File "E:\api_test\interface_case\test_2.py", line 103, in checkResult
    sorted(self.message.split(',')))
AssertionError: Lists differ: ['1', '000000'] != ['0', '000000']

First differing element 0:
'1'
'0'

- ['1', '000000']
?   ^

+ ['0', '000000']
?   ^

</pre>
    </div>
    <!--css div popup end-->
    </td>
</tr>

<tr id='ft2.2' class='none'>
    <td class='errorCase'><div class='testcase'>2.TestReverse.testReverse_02_修改楼区: Built-in mutable sequence.</div></td>
    <td class='errorCase'><div class='testcase'>ft2.2: Traceback (most recent call last):</div></td>
    <td colspan='5' align='center'>
    <!--css div popup start-->
    <a class="popup_link" onfocus='this.blur();' href="javascript:showTestDetail('div_ft2.2')" >
        错误</a>
    <div id='div_ft2.2' class="popup_window">
        <pre>ft2.2: Traceback (most recent call last):
  File "C:\Users\Administrator\AppData\Local\Programs\Python\Python37\lib\site-packages\ddt.py", line 145, in wrapper
    return func(self, *args, **kwargs)
  File "E:\api_test\interface_case\test_2.py", line 73, in testReverse
    datas = update_all.update_all(sheet_name,self.associate_id,self.data,self.get_param,self.set_param)
  File "E:\api_test\common\request_update.py", line 80, in update_all
    update_target_value(set_param, data, value)
NameError: name 'value' is not defined
</pre>
    </div>
    <!--css div popup end-->
    </td>
</tr>

<tr id='ft2.3' class='none'>
    <td class='errorCase'><div class='testcase'>2.TestReverse.testReverse_03_作废楼区: Built-in mutable sequence.</div></td>
    <td class='errorCase'><div class='testcase'>ft2.3: Traceback (most recent call last):</div></td>
    <td colspan='5' align='center'>
    <!--css div popup start-->
    <a class="popup_link" onfocus='this.blur();' href="javascript:showTestDetail('div_ft2.3')" >
        错误</a>
    <div id='div_ft2.3' class="popup_window">
        <pre>ft2.3: Traceback (most recent call last):
  File "C:\Users\Administrator\AppData\Local\Programs\Python\Python37\lib\site-packages\ddt.py", line 145, in wrapper
    return func(self, *args, **kwargs)
  File "E:\api_test\interface_case\test_2.py", line 73, in testReverse
    datas = update_all.update_all(sheet_name,self.associate_id,self.data,self.get_param,self.set_param)
  File "E:\api_test\common\request_update.py", line 80, in update_all
    update_target_value(set_param, data, value)
NameError: name 'value' is not defined
</pre>
    </div>
    <!--css div popup end-->
    </td>
</tr>

<tr id='ft2.4' class='none'>
    <td class='errorCase'><div class='testcase'>2.TestReverse.testReverse_04_恢复楼区: Built-in mutable sequence.</div></td>
    <td class='errorCase'><div class='testcase'>ft2.4: Traceback (most recent call last):</div></td>
    <td colspan='5' align='center'>
    <!--css div popup start-->
    <a class="popup_link" onfocus='this.blur();' href="javascript:showTestDetail('div_ft2.4')" >
        错误</a>
    <div id='div_ft2.4' class="popup_window">
        <pre>ft2.4: Traceback (most recent call last):
  File "C:\Users\Administrator\AppData\Local\Programs\Python\Python37\lib\site-packages\ddt.py", line 145, in wrapper
    return func(self, *args, **kwargs)
  File "E:\api_test\interface_case\test_2.py", line 73, in testReverse
    datas = update_all.update_all(sheet_name,self.associate_id,self.data,self.get_param,self.set_param)
  File "E:\api_test\common\request_update.py", line 80, in update_all
    update_target_value(set_param, data, value)
NameError: name 'value' is not defined
</pre>
    </div>
    <!--css div popup end-->
    </td>
</tr>

<tr id='ft2.5' class='none'>
    <td class='failCase'><div class='testcase'>2.TestReverse.testReverse_05_新建楼区代码重复: Built-in mutable sequence.</div></td>
    <td class='failCase'><div class='testcase'>ft2.5: [None, '00218ef0-a2f4-11e9-943e-a58c8e62ef81']</div></td>
    <td colspan='5' align='center'>
    <!--css div popup start-->
    <a class="popup_link" onfocus='this.blur();' href="javascript:showTestDetail('div_ft2.5')" >
        失败</a>
    <div id='div_ft2.5' class="popup_window">
        <pre>ft2.5: [None, '00218ef0-a2f4-11e9-943e-a58c8e62ef81']
Traceback (most recent call last):
  File "C:\Users\Administrator\AppData\Local\Programs\Python\Python37\lib\site-packages\ddt.py", line 145, in wrapper
    return func(self, *args, **kwargs)
  File "E:\api_test\interface_case\test_2.py", line 95, in testReverse
    self.checkResult()
  File "E:\api_test\interface_case\test_2.py", line 103, in checkResult
    sorted(self.message.split(',')))
AssertionError: Lists differ: ['1', '000000'] != ['1', '304004']

First differing element 1:
'000000'
'304004'

- ['1', '000000']
+ ['1', '304004']
</pre>
    </div>
    <!--css div popup end-->
    </td>
</tr>

<tr id='ft2.6' class='none'>
    <td class='failCase'><div class='testcase'>2.TestReverse.testReverse_06_新建房型: Built-in mutable sequence.</div></td>
    <td class='failCase'><div class='testcase'>ft2.6: [None, '006bb751-a2f4-11e9-943e-a58c8e62ef81']</div></td>
    <td colspan='5' align='center'>
    <!--css div popup start-->
    <a class="popup_link" onfocus='this.blur();' href="javascript:showTestDetail('div_ft2.6')" >
        失败</a>
    <div id='div_ft2.6' class="popup_window">
        <pre>ft2.6: [None, '006bb751-a2f4-11e9-943e-a58c8e62ef81']
Traceback (most recent call last):
  File "C:\Users\Administrator\AppData\Local\Programs\Python\Python37\lib\site-packages\ddt.py", line 145, in wrapper
    return func(self, *args, **kwargs)
  File "E:\api_test\interface_case\test_2.py", line 95, in testReverse
    self.checkResult()
  File "E:\api_test\interface_case\test_2.py", line 103, in checkResult
    sorted(self.message.split(',')))
AssertionError: Lists differ: ['1', '000000'] != ['0', '000000']

First differing element 0:
'1'
'0'

- ['1', '000000']
?   ^

+ ['0', '000000']
?   ^

</pre>
    </div>
    <!--css div popup end-->
    </td>
</tr>

<tr id='ft2.7' class='none'>
    <td class='errorCase'><div class='testcase'>2.TestReverse.testReverse_07_修改房型: Built-in mutable sequence.</div></td>
    <td class='errorCase'><div class='testcase'>ft2.7: Traceback (most recent call last):</div></td>
    <td colspan='5' align='center'>
    <!--css div popup start-->
    <a class="popup_link" onfocus='this.blur();' href="javascript:showTestDetail('div_ft2.7')" >
        错误</a>
    <div id='div_ft2.7' class="popup_window">
        <pre>ft2.7: Traceback (most recent call last):
  File "C:\Users\Administrator\AppData\Local\Programs\Python\Python37\lib\site-packages\ddt.py", line 145, in wrapper
    return func(self, *args, **kwargs)
  File "E:\api_test\interface_case\test_2.py", line 73, in testReverse
    datas = update_all.update_all(sheet_name,self.associate_id,self.data,self.get_param,self.set_param)
  File "E:\api_test\common\request_update.py", line 80, in update_all
    update_target_value(set_param, data, value)
NameError: name 'value' is not defined
</pre>
    </div>
    <!--css div popup end-->
    </td>
</tr>

<tr id='ft2.8' class='none'>
    <td class='errorCase'><div class='testcase'>2.TestReverse.testReverse_08_作废房型: Built-in mutable sequence.</div></td>
    <td class='errorCase'><div class='testcase'>ft2.8: Traceback (most recent call last):</div></td>
    <td colspan='5' align='center'>
    <!--css div popup start-->
    <a class="popup_link" onfocus='this.blur();' href="javascript:showTestDetail('div_ft2.8')" >
        错误</a>
    <div id='div_ft2.8' class="popup_window">
        <pre>ft2.8: Traceback (most recent call last):
  File "C:\Users\Administrator\AppData\Local\Programs\Python\Python37\lib\site-packages\ddt.py", line 145, in wrapper
    return func(self, *args, **kwargs)
  File "E:\api_test\interface_case\test_2.py", line 73, in testReverse
    datas = update_all.update_all(sheet_name,self.associate_id,self.data,self.get_param,self.set_param)
  File "E:\api_test\common\request_update.py", line 80, in update_all
    update_target_value(set_param, data, value)
NameError: name 'value' is not defined
</pre>
    </div>
    <!--css div popup end-->
    </td>
</tr>

<tr id='ft2.9' class='none'>
    <td class='errorCase'><div class='testcase'>2.TestReverse.testReverse_09_恢复房型: Built-in mutable sequence.</div></td>
    <td class='errorCase'><div class='testcase'>ft2.9: Traceback (most recent call last):</div></td>
    <td colspan='5' align='center'>
    <!--css div popup start-->
    <a class="popup_link" onfocus='this.blur();' href="javascript:showTestDetail('div_ft2.9')" >
        错误</a>
    <div id='div_ft2.9' class="popup_window">
        <pre>ft2.9: Traceback (most recent call last):
  File "C:\Users\Administrator\AppData\Local\Programs\Python\Python37\lib\site-packages\ddt.py", line 145, in wrapper
    return func(self, *args, **kwargs)
  File "E:\api_test\interface_case\test_2.py", line 73, in testReverse
    datas = update_all.update_all(sheet_name,self.associate_id,self.data,self.get_param,self.set_param)
  File "E:\api_test\common\request_update.py", line 80, in update_all
    update_target_value(set_param, data, value)
NameError: name 'value' is not defined
</pre>
    </div>
    <!--css div popup end-->
    </td>
</tr>

<tr id='ft2.10' class='none'>
    <td class='failCase'><div class='testcase'>2.TestReverse.testReverse_10_新建房型代码重复: Built-in mutable sequence.</div></td>
    <td class='failCase'><div class='testcase'>ft2.10: [None, '00b80290-a2f4-11e9-943e-a58c8e62ef81']</div></td>
    <td colspan='5' align='center'>
    <!--css div popup start-->
    <a class="popup_link" onfocus='this.blur();' href="javascript:showTestDetail('div_ft2.10')" >
        失败</a>
    <div id='div_ft2.10' class="popup_window">
        <pre>ft2.10: [None, '00b80290-a2f4-11e9-943e-a58c8e62ef81']
Traceback (most recent call last):
  File "C:\Users\Administrator\AppData\Local\Programs\Python\Python37\lib\site-packages\ddt.py", line 145, in wrapper
    return func(self, *args, **kwargs)
  File "E:\api_test\interface_case\test_2.py", line 95, in testReverse
    self.checkResult()
  File "E:\api_test\interface_case\test_2.py", line 103, in checkResult
    sorted(self.message.split(',')))
AssertionError: Lists differ: ['1', '000000'] != ['1', '313002']

First differing element 1:
'000000'
'313002'

- ['1', '000000']
+ ['1', '313002']
</pre>
    </div>
    <!--css div popup end-->
    </td>
</tr>

        <tr id='total_row'>
            <td>总计</td>
            <td>&nbsp;</td>
            <td>42</td>
            <td>0</td>
            <td>18</td>
            <td>24</td>
            <td>&nbsp;</td>
        </tr>
    </table>

        <div id='ending'>&nbsp;</div>
        
    <script type="text/javascript">
        // 基于准备好的dom，初始化echarts实例
        var myChart = echarts.init(document.getElementById('chart'));
        // 指定图表的配置项和数据
        var option = {
            title : {
                text: '测试执行情况',
                x:'center'
            },
            tooltip : {
                trigger: 'item',
                formatter: "{a} <br/>{b} : {c} ({d}%)"
            },
            color: ['#95b75d', 'grey', '#b64645'],
            legend: {
                orient: 'vertical',
                left: 'left',
                data: ['通过','失败','错误']
            },
            series : [
                {
                    name: '测试执行情况',
                    type: 'pie',
                    radius : '60%',
                    center: ['50%', '60%'],
                    data:[
                        {value:0, name:'通过'},
                        {value:18, name:'失败'},
                        {value:24, name:'错误'}
                    ],
                    itemStyle: {
                        emphasis: {
                            shadowBlur: 10,
                            shadowOffsetX: 0,
                            shadowColor: 'rgba(0, 0, 0, 0.5)'
                        }
                    }
                }
            ]
        };
        // 使用刚指定的配置项和数据显示图表。
        myChart.setOption(option);
    </script>
    
    </div>
</body>
</html>
